<?xml version="1.0" encoding="UTF-8"?>
<testng-results skipped="0" failed="1" ignored="0" total="6" passed="5">
  <reporter-output>
  </reporter-output>
  <suite name="Surefire suite" duration-ms="113545" started-at="2019-11-01T14:34:10 MSK" finished-at="2019-11-01T14:36:04 MSK">
    <groups>
    </groups>
    <test name="Surefire test" duration-ms="113545" started-at="2019-11-01T14:34:10 MSK" finished-at="2019-11-01T14:36:04 MSK">
      <class name="yandexTests.TestEmbeddedFolders2">
        <test-method status="PASS" signature="embeddedFolders2()[pri:0, instance:yandexTests.TestEmbeddedFolders2@295eaa7c]" name="embeddedFolders2" duration-ms="11552" started-at="2019-11-01T14:34:50 MSK" description="Create folder, embedded folder and file within. Move items to trash and clear trash." finished-at="2019-11-01T14:35:01 MSK">
          <reporter-output>
          </reporter-output>
        </test-method> <!-- embeddedFolders2 -->
      </class> <!-- yandexTests.TestEmbeddedFolders2 -->
      <class name="yandexTests.TestEmbeddedFolders1">
        <test-method status="PASS" signature="embeddedFolders1()[pri:0, instance:yandexTests.TestEmbeddedFolders1@285c08c8]" name="embeddedFolders1" duration-ms="11731" started-at="2019-11-01T14:34:38 MSK" description="Create folder, embedded folder and file within. Get meta data and delete items." finished-at="2019-11-01T14:34:50 MSK">
          <reporter-output>
          </reporter-output>
        </test-method> <!-- embeddedFolders1 -->
      </class> <!-- yandexTests.TestEmbeddedFolders1 -->
      <class name="yandexTests.TestMoveToTrashAndRestoreFolderWithFile">
        <test-method status="PASS" signature="moveToTrashAndRestoreFolderWithFile()[pri:0, instance:yandexTests.TestMoveToTrashAndRestoreFolderWithFile@2c88b9fc]" name="moveToTrashAndRestoreFolderWithFile" duration-ms="26263" started-at="2019-11-01T14:35:38 MSK" description="Create folder and file within. Move file to trash and restore back." finished-at="2019-11-01T14:36:04 MSK">
          <reporter-output>
          </reporter-output>
        </test-method> <!-- moveToTrashAndRestoreFolderWithFile -->
      </class> <!-- yandexTests.TestMoveToTrashAndRestoreFolderWithFile -->
      <class name="yandexTests.TestCreateAndDeleteFolder">
        <test-method status="FAIL" signature="createAndDeleteFolder()[pri:0, instance:yandexTests.TestCreateAndDeleteFolder@3b956878]" name="createAndDeleteFolder" duration-ms="5587" started-at="2019-11-01T14:34:11 MSK" description="Create and delete folder." finished-at="2019-11-01T14:34:16 MSK">
          <exception class="java.lang.AssertionError">
            <message>
              <![CDATA[expected [409] but found [201]]]>
            </message>
            <full-stacktrace>
              <![CDATA[java.lang.AssertionError: expected [409] but found [201]
at org.testng.Assert.fail(Assert.java:97)
at org.testng.Assert.assertEqualsImpl(Assert.java:136)
at org.testng.Assert.assertEquals(Assert.java:118)
at org.testng.Assert.assertEquals(Assert.java:839)
at org.testng.Assert.assertEquals(Assert.java:849)
at yandexTests.TestCreateAndDeleteFolder.createAndDeleteFolder(TestCreateAndDeleteFolder.java:28)
at sun.reflect.NativeMethodAccessorImpl.invoke0(Native Method)
at sun.reflect.NativeMethodAccessorImpl.invoke(NativeMethodAccessorImpl.java:62)
at sun.reflect.DelegatingMethodAccessorImpl.invoke(DelegatingMethodAccessorImpl.java:43)
at java.lang.reflect.Method.invoke(Method.java:498)
at org.testng.internal.MethodInvocationHelper.invokeMethod(MethodInvocationHelper.java:133)
at org.testng.internal.TestInvoker.invokeMethod(TestInvoker.java:584)
at org.testng.internal.TestInvoker.invokeTestMethod(TestInvoker.java:172)
at org.testng.internal.MethodRunner.runInSequence(MethodRunner.java:46)
at org.testng.internal.TestInvoker$MethodInvocationAgent.invoke(TestInvoker.java:804)
at org.testng.internal.TestInvoker.invokeTestMethods(TestInvoker.java:145)
at org.testng.internal.TestMethodWorker.invokeTestMethods(TestMethodWorker.java:146)
at org.testng.internal.TestMethodWorker.run(TestMethodWorker.java:128)
at java.util.ArrayList.forEach(ArrayList.java:1257)
at org.testng.TestRunner.privateRun(TestRunner.java:770)
at org.testng.TestRunner.run(TestRunner.java:591)
at org.testng.SuiteRunner.runTest(SuiteRunner.java:402)
at org.testng.SuiteRunner.runSequentially(SuiteRunner.java:396)
at org.testng.SuiteRunner.privateRun(SuiteRunner.java:355)
at org.testng.SuiteRunner.run(SuiteRunner.java:304)
at org.testng.SuiteRunnerWorker.runSuite(SuiteRunnerWorker.java:53)
at org.testng.SuiteRunnerWorker.run(SuiteRunnerWorker.java:96)
at org.testng.TestNG.runSuitesSequentially(TestNG.java:1180)
at org.testng.TestNG.runSuitesLocally(TestNG.java:1102)
at org.testng.TestNG.runSuites(TestNG.java:1032)
at org.testng.TestNG.run(TestNG.java:1000)
at org.apache.maven.surefire.testng.TestNGExecutor.run(TestNGExecutor.java:135)
at org.apache.maven.surefire.testng.TestNGDirectoryTestSuite.executeMulti(TestNGDirectoryTestSuite.java:193)
at org.apache.maven.surefire.testng.TestNGDirectoryTestSuite.execute(TestNGDirectoryTestSuite.java:94)
at org.apache.maven.surefire.testng.TestNGProvider.invoke(TestNGProvider.java:146)
at org.apache.maven.surefire.booter.ForkedBooter.invokeProviderInSameClassLoader(ForkedBooter.java:386)
at org.apache.maven.surefire.booter.ForkedBooter.runSuitesInProcess(ForkedBooter.java:323)
at org.apache.maven.surefire.booter.ForkedBooter.main(ForkedBooter.java:143)
]]>
            </full-stacktrace>
          </exception> <!-- java.lang.AssertionError -->
          <reporter-output>
          </reporter-output>
        </test-method> <!-- createAndDeleteFolder -->
      </class> <!-- yandexTests.TestCreateAndDeleteFolder -->
      <class name="yandexTests.TestCreateFolderWithFileAndDeleteBoth">
        <test-method status="PASS" signature="createFolderWithFileAndDeleteBoth()[pri:0, instance:yandexTests.TestCreateFolderWithFileAndDeleteBoth@36546a22]" name="createFolderWithFileAndDeleteBoth" duration-ms="21726" started-at="2019-11-01T14:34:16 MSK" description="Create folder and file within, delete both." finished-at="2019-11-01T14:34:38 MSK">
          <reporter-output>
          </reporter-output>
        </test-method> <!-- createFolderWithFileAndDeleteBoth -->
      </class> <!-- yandexTests.TestCreateFolderWithFileAndDeleteBoth -->
      <class name="yandexTests.TestGetUserDiskInfo">
        <test-method status="PASS" signature="getUserDiskInfo()[pri:0, instance:yandexTests.TestGetUserDiskInfo@3918c187]" name="getUserDiskInfo" duration-ms="36261" started-at="2019-11-01T14:35:01 MSK" description="Move files to trash, get trash size before and after." finished-at="2019-11-01T14:35:38 MSK">
          <reporter-output>
          </reporter-output>
        </test-method> <!-- getUserDiskInfo -->
      </class> <!-- yandexTests.TestGetUserDiskInfo -->
    </test> <!-- Surefire test -->
  </suite> <!-- Surefire suite -->
</testng-results>
